[33m[nodemon] 1.19.2[39m
[33m[nodemon] to restart at any time, enter `rs`[39m
[33m[nodemon] watching dir(s): *.*[39m
[32m[nodemon] starting `node app.js`[39m
Nightcrawler app listening on port 9000!
22 main fn
1 pages
[32m[nodemon] restarting due to changes...[39m
[32m[nodemon] starting `node app.js`[39m
Nightcrawler app listening on port 9000!
22 main fn
1 pages
[32m[nodemon] restarting due to changes...[39m
[32m[nodemon] starting `node app.js`[39m
Nightcrawler app listening on port 9000!
22 main fns
1 pages
[32m[nodemon] restarting due to changes...[39m
[32m[nodemon] starting `node app.js`[39m
Nightcrawler app listening on port 9000!
22 main fnss
1 pages
[32m[nodemon] restarting due to changes...[39m
[32m[nodemon] starting `node app.js`[39m
Nightcrawler app listening on port 9000!
22 main fn
1 pages
^CTerminate batch job (Y/N)? 
^CThe system cannot open the device or file specified.
